C:\USERS\欧 贇\DESKTOP\NPAPI-CHROME-PLUGIN-HELLOWORLD-EXAMPLE\SAMPLEVSPROJECT\NPSIMPLE\DEBUG\NPSIMPLE.DLL
C:\Users\欧 贇\Desktop\npapi-chrome-plugin-helloworld-example\samplevsproject\npsimple\Debug\npsimple.exp
C:\USERS\欧 贇\DESKTOP\NPAPI-CHROME-PLUGIN-HELLOWORLD-EXAMPLE\SAMPLEVSPROJECT\NPSIMPLE\DEBUG\NPSIMPLE.ILK
C:\Users\欧 贇\Desktop\npapi-chrome-plugin-helloworld-example\samplevsproject\npsimple\Debug\npsimple.lib
C:\USERS\欧 贇\DESKTOP\NPAPI-CHROME-PLUGIN-HELLOWORLD-EXAMPLE\SAMPLEVSPROJECT\NPSIMPLE\DEBUG\NPSIMPLE.PDB
C:\Users\欧 贇\Desktop\npapi-chrome-plugin-helloworld-example\samplevsproject\npsimple\npsimple\Debug\cl.command.1.tlog
C:\Users\欧 贇\Desktop\npapi-chrome-plugin-helloworld-example\samplevsproject\npsimple\npsimple\Debug\CL.read.1.tlog
C:\Users\欧 贇\Desktop\npapi-chrome-plugin-helloworld-example\samplevsproject\npsimple\npsimple\Debug\CL.write.1.tlog
C:\Users\欧 贇\Desktop\npapi-chrome-plugin-helloworld-example\samplevsproject\npsimple\npsimple\Debug\link.424.read.1.tlog
C:\Users\欧 贇\Desktop\npapi-chrome-plugin-helloworld-example\samplevsproject\npsimple\npsimple\Debug\link.424.write.1.tlog
C:\Users\欧 贇\Desktop\npapi-chrome-plugin-helloworld-example\samplevsproject\npsimple\npsimple\Debug\link.424-cvtres.read.1.tlog
C:\Users\欧 贇\Desktop\npapi-chrome-plugin-helloworld-example\samplevsproject\npsimple\npsimple\Debug\link.424-cvtres.write.1.tlog
C:\Users\欧 贇\Desktop\npapi-chrome-plugin-helloworld-example\samplevsproject\npsimple\npsimple\Debug\link.command.1.tlog
C:\Users\欧 贇\Desktop\npapi-chrome-plugin-helloworld-example\samplevsproject\npsimple\npsimple\Debug\link.read.1.tlog
C:\Users\欧 贇\Desktop\npapi-chrome-plugin-helloworld-example\samplevsproject\npsimple\npsimple\Debug\link.write.1.tlog
C:\Users\欧 贇\Desktop\npapi-chrome-plugin-helloworld-example\samplevsproject\npsimple\npsimple\Debug\link-cvtres.read.1.tlog
C:\Users\欧 贇\Desktop\npapi-chrome-plugin-helloworld-example\samplevsproject\npsimple\npsimple\Debug\link-cvtres.write.1.tlog
C:\Users\欧 贇\Desktop\npapi-chrome-plugin-helloworld-example\samplevsproject\npsimple\npsimple\Debug\mt.command.1.tlog
C:\Users\欧 贇\Desktop\npapi-chrome-plugin-helloworld-example\samplevsproject\npsimple\npsimple\Debug\mt.read.1.tlog
C:\Users\欧 贇\Desktop\npapi-chrome-plugin-helloworld-example\samplevsproject\npsimple\npsimple\Debug\mt.write.1.tlog
C:\USERS\欧 贇\DESKTOP\NPAPI-CHROME-PLUGIN-HELLOWORLD-EXAMPLE\SAMPLEVSPROJECT\NPSIMPLE\NPSIMPLE\DEBUG\NP_ENTRY.OBJ
C:\USERS\欧 贇\DESKTOP\NPAPI-CHROME-PLUGIN-HELLOWORLD-EXAMPLE\SAMPLEVSPROJECT\NPSIMPLE\NPSIMPLE\DEBUG\NPP_ENTRY.OBJ
C:\USERS\欧 贇\DESKTOP\NPAPI-CHROME-PLUGIN-HELLOWORLD-EXAMPLE\SAMPLEVSPROJECT\NPSIMPLE\NPSIMPLE\DEBUG\NPSIMPLE.DLL.EMBED.MANIFEST
C:\USERS\欧 贇\DESKTOP\NPAPI-CHROME-PLUGIN-HELLOWORLD-EXAMPLE\SAMPLEVSPROJECT\NPSIMPLE\NPSIMPLE\DEBUG\NPSIMPLE.DLL.EMBED.MANIFEST.RES
C:\USERS\欧 贇\DESKTOP\NPAPI-CHROME-PLUGIN-HELLOWORLD-EXAMPLE\SAMPLEVSPROJECT\NPSIMPLE\NPSIMPLE\DEBUG\NPSIMPLE.DLL.INTERMEDIATE.MANIFEST
C:\USERS\欧 贇\DESKTOP\NPAPI-CHROME-PLUGIN-HELLOWORLD-EXAMPLE\SAMPLEVSPROJECT\NPSIMPLE\NPSIMPLE\DEBUG\NPSIMPLE.RES
C:\Users\欧 贇\Desktop\npapi-chrome-plugin-helloworld-example\samplevsproject\npsimple\npsimple\Debug\npsimple.write.1.tlog
C:\Users\欧 贇\Desktop\npapi-chrome-plugin-helloworld-example\samplevsproject\npsimple\npsimple\Debug\npsimple_manifest.rc
C:\USERS\欧 贇\DESKTOP\NPAPI-CHROME-PLUGIN-HELLOWORLD-EXAMPLE\SAMPLEVSPROJECT\NPSIMPLE\NPSIMPLE\DEBUG\PLUGIN.OBJ
C:\Users\欧 贇\Desktop\npapi-chrome-plugin-helloworld-example\samplevsproject\npsimple\npsimple\Debug\rc.command.1.tlog
C:\Users\欧 贇\Desktop\npapi-chrome-plugin-helloworld-example\samplevsproject\npsimple\npsimple\Debug\rc.read.1.tlog
C:\Users\欧 贇\Desktop\npapi-chrome-plugin-helloworld-example\samplevsproject\npsimple\npsimple\Debug\rc.write.1.tlog
C:\Users\欧 贇\Desktop\npapi-chrome-plugin-helloworld-example\samplevsproject\npsimple\npsimple\Debug\vc100.idb
C:\USERS\欧 贇\DESKTOP\NPAPI-CHROME-PLUGIN-HELLOWORLD-EXAMPLE\SAMPLEVSPROJECT\NPSIMPLE\NPSIMPLE\DEBUG\VC100.PDB
